<?xml version="1.0" encoding="UTF-8"?>
<!-- Generated by org.testng.reporters.JUnitReportReporter -->
<testsuite hostname="IN-C02FWB4XMD6M.local" name="com.ecstore.testcases.MyAccountPageTest" tests="2" failures="0" timestamp="2 May 2023 16:08:09 GMT" time="40.117" errors="0">
  <testcase name="validateWishList" time="21.075" classname="com.ecstore.testcases.MyAccountPageTest"/>
  <testcase name="validateOrderHistory" time="19.042" classname="com.ecstore.testcases.MyAccountPageTest"/>
</testsuite> <!-- com.ecstore.testcases.MyAccountPageTest -->
