<?xml version="1.0" encoding="UTF-8"?>
<!-- Generated by org.testng.reporters.JUnitReportReporter -->
<testsuite hostname="vibhapuri" failures="0" tests="1" name="com.ecstore.testcases.LoginPageTest" time="13.612" errors="0" timestamp="24 Jul 2023 09:45:58 GMT">
  <testcase classname="com.ecstore.testcases.LoginPageTest" name="loginTest" time="13.612"/>
</testsuite> <!-- com.ecstore.testcases.LoginPageTest -->
