<?xml version="1.0" encoding="UTF-8"?>
<!-- Generated by org.testng.reporters.JUnitReportReporter -->
<testsuite hostname="IN-C02FWB4XMD6M.local" name="com.ecstore.testcases.AddToCartTest" tests="2" failures="0" timestamp="2 May 2023 16:08:09 GMT" time="32.824" errors="0">
  <testcase name="addToCartTest" time="19.508" classname="com.ecstore.testcases.AddToCartTest"/>
  <testcase name="addToCartTest" time="13.316" classname="com.ecstore.testcases.AddToCartTest"/>
</testsuite> <!-- com.ecstore.testcases.AddToCartTest -->
