<?xml version="1.0" encoding="UTF-8"?>
<!-- Generated by org.testng.reporters.JUnitReportReporter -->
<testsuite hostname="vibhapuri" failures="0" tests="1" name="com.ecstore.testcases.HomePageTest" time="12.619" errors="0" timestamp="8 Aug 2023 15:27:51 GMT">
  <testcase classname="com.ecstore.testcases.HomePageTest" name="verifyLogo" time="12.619"/>
</testsuite> <!-- com.ecstore.testcases.HomePageTest -->
