<?xml version="1.0" encoding="UTF-8"?>
<!-- Generated by org.testng.reporters.JUnitReportReporter -->
<testsuite hostname="vibhapuri" failures="0" tests="1" name="com.ecstore.testcases.SearchResultTest" time="24.881" errors="0" timestamp="24 Jul 2023 09:45:58 GMT">
  <testcase classname="com.ecstore.testcases.SearchResultTest" name="searchProduct" time="24.881"/>
</testsuite> <!-- com.ecstore.testcases.SearchResultTest -->
