<?xml version="1.0" encoding="UTF-8"?>
<!-- Generated by org.testng.reporters.JUnitReportReporter -->
<testsuite hostname="vibhapuri" failures="0" tests="1" name="com.ecstore.testcases.ShoppingCartTest" time="74.893" errors="0" timestamp="23 Jul 2023 19:17:43 GMT">
  <testcase classname="com.ecstore.testcases.ShoppingCartTest" name="verifyTotalPrice" time="74.893"/>
</testsuite> <!-- com.ecstore.testcases.ShoppingCartTest -->
