<?xml version="1.0" encoding="UTF-8"?>
<!-- Generated by org.testng.reporters.JUnitReportReporter -->
<testsuite hostname="IN-C02FWB4XMD6M.local" name="com.ecstore.testcases.SearchResultTest" tests="1" failures="0" timestamp="2 May 2023 16:08:09 GMT" time="21.227" errors="0">
  <testcase name="searchProduct" time="21.227" classname="com.ecstore.testcases.SearchResultTest"/>
</testsuite> <!-- com.ecstore.testcases.SearchResultTest -->
