<?xml version="1.0" encoding="UTF-8"?>
<!-- Generated by org.testng.reporters.JUnitReportReporter -->
<testsuite hostname="vibhapuri" failures="0" tests="1" name="com.ecstore.testcases.LoginPageTest" time="46.141" errors="0" timestamp="23 Jul 2023 19:17:43 GMT">
  <testcase classname="com.ecstore.testcases.LoginPageTest" name="loginTest" time="46.141"/>
</testsuite> <!-- com.ecstore.testcases.LoginPageTest -->
