<?xml version="1.0" encoding="UTF-8"?>
<!-- Generated by org.testng.reporters.JUnitReportReporter -->
<testsuite hostname="IN-C02FWB4XMD6M.local" name="com.ecstore.testcases.LoginPageTest" tests="1" failures="0" timestamp="2 May 2023 16:08:09 GMT" time="20.839" errors="0">
  <testcase name="loginTest" time="20.839" classname="com.ecstore.testcases.LoginPageTest"/>
</testsuite> <!-- com.ecstore.testcases.LoginPageTest -->
