<?xml version="1.0" encoding="UTF-8"?>
<!-- Generated by org.testng.reporters.JUnitReportReporter -->
<testsuite hostname="vibhapuri" failures="0" tests="2" name="com.ecstore.testcases.OrderConfirmedTest" time="182.640" errors="0" timestamp="23 Jul 2023 19:17:43 GMT">
  <testcase classname="com.ecstore.testcases.OrderConfirmedTest" name="verifyOrderConfirmation" time="102.528"/>
  <testcase classname="com.ecstore.testcases.OrderConfirmedTest" name="verifyOrderConfirmation" time="80.112"/>
</testsuite> <!-- com.ecstore.testcases.OrderConfirmedTest -->
