<?xml version="1.0" encoding="UTF-8"?>
<!-- Generated by org.testng.reporters.JUnitReportReporter -->
<testsuite hostname="vibhapuri" failures="0" tests="2" name="com.ecstore.testcases.MyAccountPageTest" time="96.060" errors="0" timestamp="23 Jul 2023 19:17:43 GMT">
  <testcase classname="com.ecstore.testcases.MyAccountPageTest" name="validateWishList" time="41.470"/>
  <testcase classname="com.ecstore.testcases.MyAccountPageTest" name="validateOrderHistory" time="54.590"/>
</testsuite> <!-- com.ecstore.testcases.MyAccountPageTest -->
