<?xml version="1.0" encoding="UTF-8"?>
<!-- Generated by org.testng.reporters.JUnitReportReporter -->
<testsuite hostname="vibhapuri" failures="0" tests="2" name="com.ecstore.testcases.MyAccountPageTest" time="37.408" errors="0" timestamp="24 Jul 2023 09:45:58 GMT">
  <testcase classname="com.ecstore.testcases.MyAccountPageTest" name="validateWishList" time="18.865"/>
  <testcase classname="com.ecstore.testcases.MyAccountPageTest" name="validateOrderHistory" time="18.543"/>
</testsuite> <!-- com.ecstore.testcases.MyAccountPageTest -->
