<?xml version="1.0" encoding="UTF-8"?>
<!-- Generated by org.testng.reporters.JUnitReportReporter -->
<testsuite hostname="vibhapuri" failures="0" tests="1" name="com.ecstore.testcases.LoginPageTest" time="28.573" errors="0" timestamp="8 Aug 2023 15:27:51 GMT">
  <testcase classname="com.ecstore.testcases.LoginPageTest" name="loginTest" time="28.573"/>
</testsuite> <!-- com.ecstore.testcases.LoginPageTest -->
